2014-03-04 22:46:09.661 Wanker[11315:80b] Multi-tasking -> Device: YES, App: YES
2014-03-04 22:46:09.683 Wanker[11315:80b] Unlimited access to network resources
2014-03-04 22:46:10.038 Wanker[11315:80b] Resetting plugins due to page load.
2014-03-04 22:46:10.151 Wanker[11315:80b] Finished load of: file:///Users/simonhordvik/Library/Application%20Support/iPhone%20Simulator/7.0.3/Applications/41BF912F-7BB7-462B-AC69-8635AA1AC7C4/Wanker.app/www/index.html
2014-03-04 23:48:51.944 Wanker[12017:80b] Multi-tasking -> Device: YES, App: YES
2014-03-04 23:48:51.976 Wanker[12017:80b] Unlimited access to network resources
2014-03-04 23:48:52.325 Wanker[12017:80b] Resetting plugins due to page load.
2014-03-04 23:48:52.482 Wanker[12017:80b] Finished load of: file:///Users/simonhordvik/Library/Application%20Support/iPhone%20Simulator/7.0.3/Applications/41BF912F-7BB7-462B-AC69-8635AA1AC7C4/Wanker.app/www/index.html
2014-03-04 23:50:25.388 Wanker[12170:80b] Multi-tasking -> Device: YES, App: YES
2014-03-04 23:50:25.394 Wanker[12170:80b] Unlimited access to network resources
2014-03-04 23:50:25.497 Wanker[12170:80b] Resetting plugins due to page load.
2014-03-04 23:50:25.568 Wanker[12170:80b] Finished load of: file:///Users/simonhordvik/Library/Application%20Support/iPhone%20Simulator/7.0.3-64/Applications/74A9862F-07F0-47F0-BE07-F304A520241C/Wanker.app/www/index.html
2014-03-04 23:59:50.260 Wanker[12365:80b] Multi-tasking -> Device: YES, App: YES
2014-03-04 23:59:50.268 Wanker[12365:80b] Unlimited access to network resources
2014-03-04 23:59:50.358 Wanker[12365:80b] Resetting plugins due to page load.
2014-03-04 23:59:50.425 Wanker[12365:80b] Finished load of: file:///Users/simonhordvik/Library/Application%20Support/iPhone%20Simulator/7.0.3-64/Applications/74A9862F-07F0-47F0-BE07-F304A520241C/Wanker.app/www/index.html
2014-03-05 00:04:43.620 Wanker[12565:80b] Multi-tasking -> Device: YES, App: YES
2014-03-05 00:04:43.626 Wanker[12565:80b] Unlimited access to network resources
2014-03-05 00:04:43.759 Wanker[12565:80b] Resetting plugins due to page load.
2014-03-05 00:04:43.876 Wanker[12565:80b] Finished load of: file:///Users/simonhordvik/Library/Application%20Support/iPhone%20Simulator/7.0.3-64/Applications/74A9862F-07F0-47F0-BE07-F304A520241C/Wanker.app/www/index.html
2014-03-05 00:08:46.687 Wanker[12747:80b] Multi-tasking -> Device: YES, App: YES
2014-03-05 00:08:46.694 Wanker[12747:80b] Unlimited access to network resources
2014-03-05 00:08:46.807 Wanker[12747:80b] Resetting plugins due to page load.
2014-03-05 00:08:46.905 Wanker[12747:80b] Finished load of: file:///Users/simonhordvik/Library/Application%20Support/iPhone%20Simulator/7.0.3-64/Applications/74A9862F-07F0-47F0-BE07-F304A520241C/Wanker.app/www/index.html
2014-03-05 00:21:53.738 Wanker[12963:80b] Multi-tasking -> Device: YES, App: YES
2014-03-05 00:21:53.745 Wanker[12963:80b] Unlimited access to network resources
2014-03-05 00:21:53.861 Wanker[12963:80b] Resetting plugins due to page load.
2014-03-05 00:21:53.964 Wanker[12963:80b] Finished load of: file:///Users/simonhordvik/Library/Application%20Support/iPhone%20Simulator/7.0.3-64/Applications/74A9862F-07F0-47F0-BE07-F304A520241C/Wanker.app/www/index.html
2014-03-05 00:32:20.122 Wanker[13160:80b] Multi-tasking -> Device: YES, App: YES
2014-03-05 00:32:20.128 Wanker[13160:80b] Unlimited access to network resources
2014-03-05 00:32:20.216 Wanker[13160:80b] Resetting plugins due to page load.
2014-03-05 00:32:20.289 Wanker[13160:80b] Finished load of: file:///Users/simonhordvik/Library/Application%20Support/iPhone%20Simulator/7.0.3-64/Applications/74A9862F-07F0-47F0-BE07-F304A520241C/Wanker.app/www/index.html
2014-03-05 00:42:15.401 Wanker[13361:80b] Multi-tasking -> Device: YES, App: YES
2014-03-05 00:42:15.408 Wanker[13361:80b] Unlimited access to network resources
2014-03-05 00:42:15.526 Wanker[13361:80b] Resetting plugins due to page load.
2014-03-05 00:42:15.620 Wanker[13361:80b] Finished load of: file:///Users/simonhordvik/Library/Application%20Support/iPhone%20Simulator/7.0.3-64/Applications/74A9862F-07F0-47F0-BE07-F304A520241C/Wanker.app/www/index.html
2014-03-05 00:53:01.434 Wanker[13574:80b] Multi-tasking -> Device: YES, App: YES
2014-03-05 00:53:01.441 Wanker[13574:80b] Unlimited access to network resources
2014-03-05 00:53:01.550 Wanker[13574:80b] Resetting plugins due to page load.
2014-03-05 00:53:01.637 Wanker[13574:80b] Finished load of: file:///Users/simonhordvik/Library/Application%20Support/iPhone%20Simulator/7.0.3-64/Applications/74A9862F-07F0-47F0-BE07-F304A520241C/Wanker.app/www/index.html
2014-03-05 00:59:23.724 Wanker[13766:80b] Multi-tasking -> Device: YES, App: YES
2014-03-05 00:59:23.732 Wanker[13766:80b] Unlimited access to network resources
2014-03-05 00:59:23.827 Wanker[13766:80b] Resetting plugins due to page load.
2014-03-05 00:59:23.919 Wanker[13766:80b] Finished load of: file:///Users/simonhordvik/Library/Application%20Support/iPhone%20Simulator/7.0.3-64/Applications/74A9862F-07F0-47F0-BE07-F304A520241C/Wanker.app/www/index.html
2014-03-05 01:22:04.283 Wanker[14131:80b] Multi-tasking -> Device: YES, App: YES
2014-03-05 01:22:04.289 Wanker[14131:80b] Unlimited access to network resources
2014-03-05 01:22:04.401 Wanker[14131:80b] Resetting plugins due to page load.
2014-03-05 01:22:04.493 Wanker[14131:80b] Finished load of: file:///Users/simonhordvik/Library/Application%20Support/iPhone%20Simulator/7.0.3-64/Applications/74A9862F-07F0-47F0-BE07-F304A520241C/Wanker.app/www/index.html
2014-03-05 01:25:57.043 Wanker[14324:80b] Multi-tasking -> Device: YES, App: YES
2014-03-05 01:25:57.049 Wanker[14324:80b] Unlimited access to network resources
2014-03-05 01:25:57.152 Wanker[14324:80b] Resetting plugins due to page load.
2014-03-05 01:25:57.251 Wanker[14324:80b] Finished load of: file:///Users/simonhordvik/Library/Application%20Support/iPhone%20Simulator/7.0.3-64/Applications/74A9862F-07F0-47F0-BE07-F304A520241C/Wanker.app/www/index.html
2014-03-05 01:27:30.600 Wanker[14513:80b] Multi-tasking -> Device: YES, App: YES
2014-03-05 01:27:30.607 Wanker[14513:80b] Unlimited access to network resources
2014-03-05 01:27:30.707 Wanker[14513:80b] Resetting plugins due to page load.
2014-03-05 01:27:30.810 Wanker[14513:80b] Finished load of: file:///Users/simonhordvik/Library/Application%20Support/iPhone%20Simulator/7.0.3-64/Applications/74A9862F-07F0-47F0-BE07-F304A520241C/Wanker.app/www/index.html
2014-03-05 01:29:12.484 Wanker[14699:80b] Multi-tasking -> Device: YES, App: YES
2014-03-05 01:29:12.490 Wanker[14699:80b] Unlimited access to network resources
2014-03-05 01:29:12.583 Wanker[14699:80b] Resetting plugins due to page load.
2014-03-05 01:29:12.728 Wanker[14699:80b] Finished load of: file:///Users/simonhordvik/Library/Application%20Support/iPhone%20Simulator/7.0.3-64/Applications/74A9862F-07F0-47F0-BE07-F304A520241C/Wanker.app/www/index.html
2014-03-05 01:50:47.129 Wanker[14947:80b] Multi-tasking -> Device: YES, App: YES
2014-03-05 01:50:47.134 Wanker[14947:80b] Unlimited access to network resources
2014-03-05 01:50:47.274 Wanker[14947:80b] Resetting plugins due to page load.
2014-03-05 01:50:47.359 Wanker[14947:80b] Finished load of: file:///Users/simonhordvik/Library/Application%20Support/iPhone%20Simulator/7.0.3-64/Applications/74A9862F-07F0-47F0-BE07-F304A520241C/Wanker.app/www/index.html
2014-03-05 01:51:40.039 Wanker[15136:80b] Multi-tasking -> Device: YES, App: YES
2014-03-05 01:51:40.047 Wanker[15136:80b] Unlimited access to network resources
2014-03-05 01:51:40.155 Wanker[15136:80b] Resetting plugins due to page load.
2014-03-05 01:51:40.236 Wanker[15136:80b] Finished load of: file:///Users/simonhordvik/Library/Application%20Support/iPhone%20Simulator/7.0.3-64/Applications/74A9862F-07F0-47F0-BE07-F304A520241C/Wanker.app/www/index.html
2014-03-05 01:56:25.660 Wanker[15336:80b] Multi-tasking -> Device: YES, App: YES
2014-03-05 01:56:25.668 Wanker[15336:80b] Unlimited access to network resources
2014-03-05 01:56:25.778 Wanker[15336:80b] Resetting plugins due to page load.
2014-03-05 01:56:25.870 Wanker[15336:80b] Finished load of: file:///Users/simonhordvik/Library/Application%20Support/iPhone%20Simulator/7.0.3-64/Applications/74A9862F-07F0-47F0-BE07-F304A520241C/Wanker.app/www/index.html
2014-03-05 01:57:49.269 Wanker[15712:80b] Multi-tasking -> Device: YES, App: YES
2014-03-05 01:57:49.275 Wanker[15712:80b] Unlimited access to network resources
2014-03-05 01:57:49.361 Wanker[15712:80b] Resetting plugins due to page load.
2014-03-05 01:57:49.471 Wanker[15712:80b] Finished load of: file:///Users/simonhordvik/Library/Application%20Support/iPhone%20Simulator/7.0.3-64/Applications/74A9862F-07F0-47F0-BE07-F304A520241C/Wanker.app/www/index.html
2014-03-05 02:11:37.252 Wanker[16003:80b] Multi-tasking -> Device: YES, App: YES
2014-03-05 02:11:37.260 Wanker[16003:80b] Unlimited access to network resources
2014-03-05 02:11:37.369 Wanker[16003:80b] Resetting plugins due to page load.
2014-03-05 02:11:37.519 Wanker[16003:80b] Finished load of: file:///Users/simonhordvik/Library/Application%20Support/iPhone%20Simulator/7.0.3-64/Applications/74A9862F-07F0-47F0-BE07-F304A520241C/Wanker.app/www/index.html
2014-03-05 02:12:45.002 Wanker[16236:80b] Multi-tasking -> Device: YES, App: YES
2014-03-05 02:12:45.008 Wanker[16236:80b] Unlimited access to network resources
2014-03-05 02:12:45.104 Wanker[16236:80b] Resetting plugins due to page load.
2014-03-05 02:12:45.229 Wanker[16236:80b] Finished load of: file:///Users/simonhordvik/Library/Application%20Support/iPhone%20Simulator/7.0.3-64/Applications/74A9862F-07F0-47F0-BE07-F304A520241C/Wanker.app/www/index.html
2014-03-05 02:15:52.603 Wanker[16655:80b] Multi-tasking -> Device: YES, App: YES
2014-03-05 02:15:52.608 Wanker[16655:80b] Unlimited access to network resources
2014-03-05 02:15:52.700 Wanker[16655:80b] Resetting plugins due to page load.
2014-03-05 02:15:52.819 Wanker[16655:80b] Finished load of: file:///Users/simonhordvik/Library/Application%20Support/iPhone%20Simulator/7.0.3-64/Applications/74A9862F-07F0-47F0-BE07-F304A520241C/Wanker.app/www/index.html
2014-03-05 02:17:39.346 Wanker[16893:80b] Multi-tasking -> Device: YES, App: YES
2014-03-05 02:17:39.354 Wanker[16893:80b] Unlimited access to network resources
2014-03-05 02:17:39.454 Wanker[16893:80b] Resetting plugins due to page load.
2014-03-05 02:17:39.589 Wanker[16893:80b] Finished load of: file:///Users/simonhordvik/Library/Application%20Support/iPhone%20Simulator/7.0.3-64/Applications/74A9862F-07F0-47F0-BE07-F304A520241C/Wanker.app/www/index.html
2014-03-05 02:22:33.541 Wanker[17141:80b] Multi-tasking -> Device: YES, App: YES
2014-03-05 02:22:33.546 Wanker[17141:80b] Unlimited access to network resources
2014-03-05 02:22:33.647 Wanker[17141:80b] Resetting plugins due to page load.
2014-03-05 02:22:33.774 Wanker[17141:80b] Finished load of: file:///Users/simonhordvik/Library/Application%20Support/iPhone%20Simulator/7.0.3-64/Applications/74A9862F-07F0-47F0-BE07-F304A520241C/Wanker.app/www/index.html
2014-03-05 02:24:22.654 Wanker[17385:80b] Multi-tasking -> Device: YES, App: YES
2014-03-05 02:24:22.660 Wanker[17385:80b] Unlimited access to network resources
2014-03-05 02:24:22.744 Wanker[17385:80b] Resetting plugins due to page load.
2014-03-05 02:24:22.884 Wanker[17385:80b] Finished load of: file:///Users/simonhordvik/Library/Application%20Support/iPhone%20Simulator/7.0.3-64/Applications/74A9862F-07F0-47F0-BE07-F304A520241C/Wanker.app/www/index.html
2014-03-05 02:35:33.062 Wanker[17649:80b] Multi-tasking -> Device: YES, App: YES
2014-03-05 02:35:33.067 Wanker[17649:80b] Unlimited access to network resources
2014-03-05 02:35:33.160 Wanker[17649:80b] Resetting plugins due to page load.
2014-03-05 02:35:33.271 Wanker[17649:80b] Finished load of: file:///Users/simonhordvik/Library/Application%20Support/iPhone%20Simulator/7.0.3-64/Applications/74A9862F-07F0-47F0-BE07-F304A520241C/Wanker.app/www/index.html
2014-03-05 02:39:23.796 Wanker[17896:80b] Multi-tasking -> Device: YES, App: YES
2014-03-05 02:39:23.805 Wanker[17896:80b] Unlimited access to network resources
2014-03-05 02:39:23.907 Wanker[17896:80b] Resetting plugins due to page load.
2014-03-05 02:39:24.042 Wanker[17896:80b] Finished load of: file:///Users/simonhordvik/Library/Application%20Support/iPhone%20Simulator/7.0.3-64/Applications/74A9862F-07F0-47F0-BE07-F304A520241C/Wanker.app/www/index.html
2014-03-05 02:40:26.401 Wanker[18129:80b] Multi-tasking -> Device: YES, App: YES
2014-03-05 02:40:26.407 Wanker[18129:80b] Unlimited access to network resources
2014-03-05 02:40:26.508 Wanker[18129:80b] Resetting plugins due to page load.
2014-03-05 02:40:26.630 Wanker[18129:80b] Finished load of: file:///Users/simonhordvik/Library/Application%20Support/iPhone%20Simulator/7.0.3-64/Applications/74A9862F-07F0-47F0-BE07-F304A520241C/Wanker.app/www/index.html
2014-03-05 02:41:48.892 Wanker[18366:80b] Multi-tasking -> Device: YES, App: YES
2014-03-05 02:41:48.898 Wanker[18366:80b] Unlimited access to network resources
2014-03-05 02:41:48.998 Wanker[18366:80b] Resetting plugins due to page load.
2014-03-05 02:41:49.142 Wanker[18366:80b] Finished load of: file:///Users/simonhordvik/Library/Application%20Support/iPhone%20Simulator/7.0.3-64/Applications/74A9862F-07F0-47F0-BE07-F304A520241C/Wanker.app/www/index.html
2014-03-05 02:42:35.099 Wanker[18599:80b] Multi-tasking -> Device: YES, App: YES
2014-03-05 02:42:35.105 Wanker[18599:80b] Unlimited access to network resources
2014-03-05 02:42:35.214 Wanker[18599:80b] Resetting plugins due to page load.
2014-03-05 02:42:35.342 Wanker[18599:80b] Finished load of: file:///Users/simonhordvik/Library/Application%20Support/iPhone%20Simulator/7.0.3-64/Applications/74A9862F-07F0-47F0-BE07-F304A520241C/Wanker.app/www/index.html
2014-03-05 02:45:59.638 Wanker[18842:80b] Multi-tasking -> Device: YES, App: YES
2014-03-05 02:45:59.647 Wanker[18842:80b] Unlimited access to network resources
2014-03-05 02:45:59.762 Wanker[18842:80b] Resetting plugins due to page load.
2014-03-05 02:45:59.892 Wanker[18842:80b] Finished load of: file:///Users/simonhordvik/Library/Application%20Support/iPhone%20Simulator/7.0.3-64/Applications/74A9862F-07F0-47F0-BE07-F304A520241C/Wanker.app/www/index.html
2014-03-05 02:46:52.904 Wanker[19079:80b] Multi-tasking -> Device: YES, App: YES
2014-03-05 02:46:52.909 Wanker[19079:80b] Unlimited access to network resources
2014-03-05 02:46:53.011 Wanker[19079:80b] Resetting plugins due to page load.
2014-03-05 02:46:53.138 Wanker[19079:80b] Finished load of: file:///Users/simonhordvik/Library/Application%20Support/iPhone%20Simulator/7.0.3-64/Applications/74A9862F-07F0-47F0-BE07-F304A520241C/Wanker.app/www/index.html
2014-03-05 02:47:39.171 Wanker[19312:80b] Multi-tasking -> Device: YES, App: YES
2014-03-05 02:47:39.178 Wanker[19312:80b] Unlimited access to network resources
2014-03-05 02:47:39.275 Wanker[19312:80b] Resetting plugins due to page load.
2014-03-05 02:47:39.404 Wanker[19312:80b] Finished load of: file:///Users/simonhordvik/Library/Application%20Support/iPhone%20Simulator/7.0.3-64/Applications/74A9862F-07F0-47F0-BE07-F304A520241C/Wanker.app/www/index.html
2014-03-05 02:52:39.915 Wanker[19557:80b] Multi-tasking -> Device: YES, App: YES
2014-03-05 02:52:39.922 Wanker[19557:80b] Unlimited access to network resources
2014-03-05 02:52:40.017 Wanker[19557:80b] Resetting plugins due to page load.
2014-03-05 02:52:40.155 Wanker[19557:80b] Finished load of: file:///Users/simonhordvik/Library/Application%20Support/iPhone%20Simulator/7.0.3-64/Applications/74A9862F-07F0-47F0-BE07-F304A520241C/Wanker.app/www/index.html
2014-03-05 02:53:43.464 Wanker[19789:80b] Multi-tasking -> Device: YES, App: YES
2014-03-05 02:53:43.469 Wanker[19789:80b] Unlimited access to network resources
2014-03-05 02:53:43.569 Wanker[19789:80b] Resetting plugins due to page load.
2014-03-05 02:53:43.708 Wanker[19789:80b] Finished load of: file:///Users/simonhordvik/Library/Application%20Support/iPhone%20Simulator/7.0.3-64/Applications/74A9862F-07F0-47F0-BE07-F304A520241C/Wanker.app/www/index.html
2014-03-05 02:54:03.515 Wanker[20021:80b] Multi-tasking -> Device: YES, App: YES
2014-03-05 02:54:03.520 Wanker[20021:80b] Unlimited access to network resources
2014-03-05 02:54:03.617 Wanker[20021:80b] Resetting plugins due to page load.
2014-03-05 02:54:03.745 Wanker[20021:80b] Finished load of: file:///Users/simonhordvik/Library/Application%20Support/iPhone%20Simulator/7.0.3-64/Applications/74A9862F-07F0-47F0-BE07-F304A520241C/Wanker.app/www/index.html
2014-03-05 02:55:11.055 Wanker[20257:80b] Multi-tasking -> Device: YES, App: YES
2014-03-05 02:55:11.062 Wanker[20257:80b] Unlimited access to network resources
2014-03-05 02:55:11.160 Wanker[20257:80b] Resetting plugins due to page load.
2014-03-05 02:55:11.299 Wanker[20257:80b] Finished load of: file:///Users/simonhordvik/Library/Application%20Support/iPhone%20Simulator/7.0.3-64/Applications/74A9862F-07F0-47F0-BE07-F304A520241C/Wanker.app/www/index.html
2014-03-05 02:56:18.481 Wanker[20492:80b] Multi-tasking -> Device: YES, App: YES
2014-03-05 02:56:18.490 Wanker[20492:80b] Unlimited access to network resources
2014-03-05 02:56:18.584 Wanker[20492:80b] Resetting plugins due to page load.
2014-03-05 02:56:18.713 Wanker[20492:80b] Finished load of: file:///Users/simonhordvik/Library/Application%20Support/iPhone%20Simulator/7.0.3-64/Applications/74A9862F-07F0-47F0-BE07-F304A520241C/Wanker.app/www/index.html
2014-03-05 02:57:09.195 Wanker[20726:80b] Multi-tasking -> Device: YES, App: YES
2014-03-05 02:57:09.201 Wanker[20726:80b] Unlimited access to network resources
2014-03-05 02:57:09.290 Wanker[20726:80b] Resetting plugins due to page load.
2014-03-05 02:57:09.415 Wanker[20726:80b] Finished load of: file:///Users/simonhordvik/Library/Application%20Support/iPhone%20Simulator/7.0.3-64/Applications/74A9862F-07F0-47F0-BE07-F304A520241C/Wanker.app/www/index.html
2014-03-05 02:59:37.126 Wanker[20973:80b] Multi-tasking -> Device: YES, App: YES
2014-03-05 02:59:37.132 Wanker[20973:80b] Unlimited access to network resources
2014-03-05 02:59:37.231 Wanker[20973:80b] Resetting plugins due to page load.
2014-03-05 02:59:37.360 Wanker[20973:80b] Finished load of: file:///Users/simonhordvik/Library/Application%20Support/iPhone%20Simulator/7.0.3-64/Applications/74A9862F-07F0-47F0-BE07-F304A520241C/Wanker.app/www/index.html
2014-03-05 03:03:19.297 Wanker[21308:80b] Multi-tasking -> Device: YES, App: YES
2014-03-05 03:03:19.303 Wanker[21308:80b] Unlimited access to network resources
2014-03-05 03:03:19.403 Wanker[21308:80b] Resetting plugins due to page load.
2014-03-05 03:03:19.531 Wanker[21308:80b] Finished load of: file:///Users/simonhordvik/Library/Application%20Support/iPhone%20Simulator/7.0.3-64/Applications/74A9862F-07F0-47F0-BE07-F304A520241C/Wanker.app/www/index.html
2014-03-05 03:06:47.161 Wanker[21553:80b] Multi-tasking -> Device: YES, App: YES
2014-03-05 03:06:47.167 Wanker[21553:80b] Unlimited access to network resources
2014-03-05 03:06:47.273 Wanker[21553:80b] Resetting plugins due to page load.
2014-03-05 03:06:47.396 Wanker[21553:80b] Finished load of: file:///Users/simonhordvik/Library/Application%20Support/iPhone%20Simulator/7.0.3-64/Applications/74A9862F-07F0-47F0-BE07-F304A520241C/Wanker.app/www/index.html
2014-03-05 03:09:30.734 Wanker[21708:80b] Multi-tasking -> Device: YES, App: YES
2014-03-05 03:09:30.743 Wanker[21708:80b] Unlimited access to network resources
2014-03-05 03:09:30.841 Wanker[21708:80b] Resetting plugins due to page load.
2014-03-05 03:09:30.971 Wanker[21708:80b] Finished load of: file:///Users/simonhordvik/Library/Application%20Support/iPhone%20Simulator/7.0.3-64/Applications/74A9862F-07F0-47F0-BE07-F304A520241C/Wanker.app/www/index.html
2014-03-05 03:09:43.215 Wanker[21939:80b] Multi-tasking -> Device: YES, App: YES
2014-03-05 03:09:43.223 Wanker[21939:80b] Unlimited access to network resources
2014-03-05 03:09:43.325 Wanker[21939:80b] Resetting plugins due to page load.
2014-03-05 03:09:43.490 Wanker[21939:80b] Finished load of: file:///Users/simonhordvik/Library/Application%20Support/iPhone%20Simulator/7.0.3-64/Applications/74A9862F-07F0-47F0-BE07-F304A520241C/Wanker.app/www/index.html
2014-03-05 03:10:31.828 Wanker[22174:80b] Multi-tasking -> Device: YES, App: YES
2014-03-05 03:10:31.834 Wanker[22174:80b] Unlimited access to network resources
2014-03-05 03:10:31.954 Wanker[22174:80b] Resetting plugins due to page load.
2014-03-05 03:10:32.098 Wanker[22174:80b] Finished load of: file:///Users/simonhordvik/Library/Application%20Support/iPhone%20Simulator/7.0.3-64/Applications/74A9862F-07F0-47F0-BE07-F304A520241C/Wanker.app/www/index.html
2014-03-05 03:11:01.367 Wanker[22406:80b] Multi-tasking -> Device: YES, App: YES
2014-03-05 03:11:01.373 Wanker[22406:80b] Unlimited access to network resources
2014-03-05 03:11:01.475 Wanker[22406:80b] Resetting plugins due to page load.
2014-03-05 03:11:01.595 Wanker[22406:80b] Finished load of: file:///Users/simonhordvik/Library/Application%20Support/iPhone%20Simulator/7.0.3-64/Applications/74A9862F-07F0-47F0-BE07-F304A520241C/Wanker.app/www/index.html
2014-03-05 03:11:36.885 Wanker[22640:80b] Multi-tasking -> Device: YES, App: YES
2014-03-05 03:11:36.891 Wanker[22640:80b] Unlimited access to network resources
2014-03-05 03:11:36.987 Wanker[22640:80b] Resetting plugins due to page load.
2014-03-05 03:11:37.120 Wanker[22640:80b] Finished load of: file:///Users/simonhordvik/Library/Application%20Support/iPhone%20Simulator/7.0.3-64/Applications/74A9862F-07F0-47F0-BE07-F304A520241C/Wanker.app/www/index.html
Terminating in response to SpringBoard's termination.
2014-03-05 13:01:43.600 Wanker[23394:80b] Multi-tasking -> Device: YES, App: YES
2014-03-05 13:01:43.623 Wanker[23394:80b] Unlimited access to network resources
2014-03-05 13:01:43.984 Wanker[23394:80b] Resetting plugins due to page load.
2014-03-05 13:01:44.200 Wanker[23394:80b] Finished load of: file:///Users/simonhordvik/Library/Application%20Support/iPhone%20Simulator/7.0.3/Applications/41BF912F-7BB7-462B-AC69-8635AA1AC7C4/Wanker.app/www/index.html
2014-03-05 13:49:44.051 Wanker[24214:80b] Multi-tasking -> Device: YES, App: YES
2014-03-05 13:49:44.058 Wanker[24214:80b] Unlimited access to network resources
2014-03-05 13:49:44.157 Wanker[24214:80b] Resetting plugins due to page load.
2014-03-05 13:49:44.305 Wanker[24214:80b] Finished load of: file:///Users/simonhordvik/Library/Application%20Support/iPhone%20Simulator/7.0.3/Applications/41BF912F-7BB7-462B-AC69-8635AA1AC7C4/Wanker.app/www/index.html
2014-03-05 13:54:01.565 Wanker[24457:80b] Multi-tasking -> Device: YES, App: YES
2014-03-05 13:54:01.571 Wanker[24457:80b] Unlimited access to network resources
2014-03-05 13:54:01.671 Wanker[24457:80b] Resetting plugins due to page load.
2014-03-05 13:54:01.826 Wanker[24457:80b] Finished load of: file:///Users/simonhordvik/Library/Application%20Support/iPhone%20Simulator/7.0.3/Applications/41BF912F-7BB7-462B-AC69-8635AA1AC7C4/Wanker.app/www/index.html
2014-03-05 13:58:30.204 Wanker[24703:80b] Multi-tasking -> Device: YES, App: YES
2014-03-05 13:58:30.210 Wanker[24703:80b] Unlimited access to network resources
2014-03-05 13:58:30.310 Wanker[24703:80b] Resetting plugins due to page load.
2014-03-05 13:58:30.470 Wanker[24703:80b] Finished load of: file:///Users/simonhordvik/Library/Application%20Support/iPhone%20Simulator/7.0.3/Applications/41BF912F-7BB7-462B-AC69-8635AA1AC7C4/Wanker.app/www/index.html
2014-03-05 14:00:07.865 Wanker[24941:80b] Multi-tasking -> Device: YES, App: YES
2014-03-05 14:00:07.873 Wanker[24941:80b] Unlimited access to network resources
2014-03-05 14:00:07.965 Wanker[24941:80b] Resetting plugins due to page load.
2014-03-05 14:00:08.127 Wanker[24941:80b] Finished load of: file:///Users/simonhordvik/Library/Application%20Support/iPhone%20Simulator/7.0.3/Applications/41BF912F-7BB7-462B-AC69-8635AA1AC7C4/Wanker.app/www/index.html
2014-03-05 14:25:52.034 Wanker[25792:80b] Multi-tasking -> Device: YES, App: YES
2014-03-05 14:25:52.040 Wanker[25792:80b] Unlimited access to network resources
2014-03-05 14:25:52.141 Wanker[25792:80b] Resetting plugins due to page load.
2014-03-05 14:25:52.327 Wanker[25792:80b] Finished load of: file:///Users/simonhordvik/Library/Application%20Support/iPhone%20Simulator/7.0.3/Applications/41BF912F-7BB7-462B-AC69-8635AA1AC7C4/Wanker.app/www/index.html#/
2014-03-05 14:27:29.291 Wanker[26037:80b] Multi-tasking -> Device: YES, App: YES
2014-03-05 14:27:29.299 Wanker[26037:80b] Unlimited access to network resources
2014-03-05 14:27:29.396 Wanker[26037:80b] Resetting plugins due to page load.
2014-03-05 14:27:29.588 Wanker[26037:80b] Finished load of: file:///Users/simonhordvik/Library/Application%20Support/iPhone%20Simulator/7.0.3/Applications/41BF912F-7BB7-462B-AC69-8635AA1AC7C4/Wanker.app/www/index.html#/
2014-03-05 14:28:28.177 Wanker[26276:80b] Multi-tasking -> Device: YES, App: YES
2014-03-05 14:28:28.185 Wanker[26276:80b] Unlimited access to network resources
2014-03-05 14:28:28.286 Wanker[26276:80b] Resetting plugins due to page load.
2014-03-05 14:28:28.478 Wanker[26276:80b] Finished load of: file:///Users/simonhordvik/Library/Application%20Support/iPhone%20Simulator/7.0.3/Applications/41BF912F-7BB7-462B-AC69-8635AA1AC7C4/Wanker.app/www/index.html#/
2014-03-05 14:30:07.567 Wanker[26520:80b] Multi-tasking -> Device: YES, App: YES
2014-03-05 14:30:07.574 Wanker[26520:80b] Unlimited access to network resources
2014-03-05 14:30:07.664 Wanker[26520:80b] Resetting plugins due to page load.
2014-03-05 14:30:07.839 Wanker[26520:80b] Finished load of: file:///Users/simonhordvik/Library/Application%20Support/iPhone%20Simulator/7.0.3/Applications/41BF912F-7BB7-462B-AC69-8635AA1AC7C4/Wanker.app/www/index.html#/
2014-03-05 14:32:07.713 Wanker[26766:80b] Multi-tasking -> Device: YES, App: YES
2014-03-05 14:32:07.721 Wanker[26766:80b] Unlimited access to network resources
2014-03-05 14:32:07.822 Wanker[26766:80b] Resetting plugins due to page load.
2014-03-05 14:32:08.015 Wanker[26766:80b] Finished load of: file:///Users/simonhordvik/Library/Application%20Support/iPhone%20Simulator/7.0.3/Applications/41BF912F-7BB7-462B-AC69-8635AA1AC7C4/Wanker.app/www/index.html#/
2014-03-05 14:35:04.437 Wanker[27020:80b] Multi-tasking -> Device: YES, App: YES
2014-03-05 14:35:04.445 Wanker[27020:80b] Unlimited access to network resources
2014-03-05 14:35:04.543 Wanker[27020:80b] Resetting plugins due to page load.
2014-03-05 14:35:04.742 Wanker[27020:80b] Finished load of: file:///Users/simonhordvik/Library/Application%20Support/iPhone%20Simulator/7.0.3/Applications/41BF912F-7BB7-462B-AC69-8635AA1AC7C4/Wanker.app/www/index.html#/
2014-03-05 14:38:10.187 Wanker[27272:80b] Multi-tasking -> Device: YES, App: YES
2014-03-05 14:38:10.195 Wanker[27272:80b] Unlimited access to network resources
2014-03-05 14:38:10.297 Wanker[27272:80b] Resetting plugins due to page load.
2014-03-05 14:38:10.494 Wanker[27272:80b] Finished load of: file:///Users/simonhordvik/Library/Application%20Support/iPhone%20Simulator/7.0.3/Applications/41BF912F-7BB7-462B-AC69-8635AA1AC7C4/Wanker.app/www/index.html#/
2014-03-05 14:42:05.136 Wanker[27522:80b] Multi-tasking -> Device: YES, App: YES
2014-03-05 14:42:05.145 Wanker[27522:80b] Unlimited access to network resources
2014-03-05 14:42:05.244 Wanker[27522:80b] Resetting plugins due to page load.
2014-03-05 14:42:05.432 Wanker[27522:80b] Finished load of: file:///Users/simonhordvik/Library/Application%20Support/iPhone%20Simulator/7.0.3/Applications/41BF912F-7BB7-462B-AC69-8635AA1AC7C4/Wanker.app/www/index.html#/
2014-03-05 14:55:28.544 Wanker[27910:80b] Multi-tasking -> Device: YES, App: YES
2014-03-05 14:55:28.554 Wanker[27910:80b] Unlimited access to network resources
2014-03-05 14:55:28.670 Wanker[27910:80b] Resetting plugins due to page load.
2014-03-05 14:55:28.886 Wanker[27910:80b] Finished load of: file:///Users/simonhordvik/Library/Application%20Support/iPhone%20Simulator/7.0.3/Applications/41BF912F-7BB7-462B-AC69-8635AA1AC7C4/Wanker.app/www/index.html#/
