2014-03-03 19:44:01.944 Wanker[8021:80b] Multi-tasking -> Device: YES, App: YES
2014-03-03 19:44:01.991 Wanker[8021:80b] Unlimited access to network resources
2014-03-03 19:44:02.378 Wanker[8021:80b] Resetting plugins due to page load.
2014-03-03 19:44:05.128 Wanker[8021:80b] ERROR: Plugin 'Device' not found, or is not a CDVPlugin. Check your plugin mapping in config.xml.
2014-03-03 19:44:05.130 Wanker[8021:80b] -[CDVCommandQueue executePending] [Line 127] FAILED pluginJSON = [
  "Device1467012817",
  "Device",
  "getDeviceInfo",
  [

  ]
]
2014-03-03 19:44:05.136 Wanker[8021:80b] Finished load of: file:///Users/simonhordvik/Library/Application%20Support/iPhone%20Simulator/7.0.3/Applications/3DDB1136-A033-4927-A430-20FB9327C07E/Wanker.app/www/index.html#/
2014-03-03 19:44:10.063 Wanker[8021:80b] ERROR: Plugin 'Logger' not found, or is not a CDVPlugin. Check your plugin mapping in config.xml.
2014-03-03 19:44:10.064 Wanker[8021:80b] -[CDVCommandQueue executePending] [Line 127] FAILED pluginJSON = [
  "INVALID",
  "Logger",
  "logLevel",
  [
    "LOG",
    "deviceready has not fired after 5 seconds."
  ]
]
2014-03-03 19:44:10.064 Wanker[8021:80b] ERROR: Plugin 'Logger' not found, or is not a CDVPlugin. Check your plugin mapping in config.xml.
2014-03-03 19:44:10.065 Wanker[8021:80b] -[CDVCommandQueue executePending] [Line 127] FAILED pluginJSON = [
  "INVALID",
  "Logger",
  "logLevel",
  [
    "LOG",
    "Channel not fired: onCordovaInfoReady"
  ]
]
